Build started 16/11/2010 08:14:06.
     1>Project "H:\Projects\SVN\AudioFingerprinting\libofa\win32\libofa.vcxproj" on node 2 (build target(s)).
     1>InitializeBuildStatus:
         Creating "Release\libofa.unsuccessfulbuild" because "AlwaysCreate" was specified.
       ClCompile:
         H:\Program Files\Microsoft Visual Studio 10.0\VC\bin\CL.exe /c /I..\libfftw3 /I..\include /Zi /nologo /W3 /WX- /O2 /Ob1 /Oy /D WIN32 /D _VC80_UPGRADE=0x0700 /D _WINDLL /D _MBCS /GF- /Gm /EHsc /MT /GS /Gy- /fp:precise /Zc:wchar_t /Zc:forScope /Fo"Release\\" /Fd"Release\vc100.pdb" /Gd /TP /analyze- /errorReport:prompt ..\lib\AFLIB\aflibConverter.cpp ..\lib\fft_op.cpp ..\lib\fftlibw3_op.cpp ..\lib\frametracker_op.cpp ..\lib\mainprint.cpp ..\lib\signal_op.cpp ..\lib\trackdata_op.cpp ..\lib\trackframe_op.cpp ..\lib\tracklist_op.cpp
         tracklist_op.cpp
         trackframe_op.cpp
         trackdata_op.cpp
         signal_op.cpp
         mainprint.cpp
     1>..\lib\mainprint.cpp(47): warning C4996: 'sscanf': This function or variable may be unsafe. Consider using sscanf_s instead. To disable deprecation, use _CRT_SECURE_NO_WARNINGS. See online help for details.
                 H:\Program Files\Microsoft Visual Studio 10.0\VC\include\stdio.h(325) : see declaration of 'sscanf'
     1>..\lib\mainprint.cpp(93): warning C4800: 'int' : forcing value to bool 'true' or 'false' (performance warning)
     1>..\lib\mainprint.cpp(243): warning C4996: 'fopen': This function or variable may be unsafe. Consider using fopen_s instead. To disable deprecation, use _CRT_SECURE_NO_WARNINGS. See online help for details.
                 H:\Program Files\Microsoft Visual Studio 10.0\VC\include\stdio.h(234) : see declaration of 'fopen'
     1>h:\projects\svn\audiofingerprinting\libofa\lib\JAMA/jama_svd.h(384): warning C4244: '=' : conversion from 'double' to 'Real', possible loss of data
                 h:\projects\svn\audiofingerprinting\libofa\lib\JAMA/jama_svd.h(44) : while compiling class template member function 'JAMA::SVD<Real>::SVD(const TNT::Array2D<T> &)'
                 with
                 [
                     Real=Real,
                     T=Real
                 ]
                 ..\lib\mainprint.cpp(161) : see reference to class template instantiation 'JAMA::SVD<Real>' being compiled
                 with
                 [
                     Real=Real
                 ]
         frametracker_op.cpp
         fftlibw3_op.cpp
         fft_op.cpp
         aflibConverter.cpp
         Generating Code...
       ManifestResourceCompile:
         C:\Program Files\Microsoft SDKs\Windows\v7.0A\bin\rc.exe /nologo /fo"Release\libofa.dll.embed.manifest.res" Release\libofa_manifest.rc 
       Link:
         H:\Program Files\Microsoft Visual Studio 10.0\VC\bin\link.exe /ERRORREPORT:PROMPT /OUT:"Release\libofa.dll" /INCREMENTAL /NOLOGO "..\libfftw3\libfftw3-3.lib" kernel32.lib user32.lib gdi32.lib winspool.lib comdlg32.lib advapi32.lib shell32.lib ole32.lib oleaut32.lib uuid.lib odbc32.lib odbccp32.lib /DEF:"./libofa.def" /MANIFEST /ManifestFile:"Release\libofa.dll.intermediate.manifest" /MANIFESTUAC:"level='asInvoker' uiAccess='false'" /DEBUG /PDB:"H:\Projects\SVN\AudioFingerprinting\libofa\win32\Release\libofa.pdb" /SUBSYSTEM:WINDOWS /OPT:REF /OPT:ICF /TLBID:1 /DYNAMICBASE /NXCOMPAT /IMPLIB:"Release\libofa.lib" /MACHINE:X86 /DLL Release\libofa.dll.embed.manifest.res
         Release\aflibConverter.obj
         Release\fft_op.obj
         Release\fftlibw3_op.obj
         Release\frametracker_op.obj
         Release\mainprint.obj
         Release\signal_op.obj
         Release\trackdata_op.obj
         Release\trackframe_op.obj
         Release\tracklist_op.obj
     1>LINK : warning LNK4075: ignoring '/INCREMENTAL' due to '/OPT:ICF' specification
            Creating library Release\libofa.lib and object Release\libofa.exp
       Manifest:
         C:\Program Files\Microsoft SDKs\Windows\v7.0A\bin\mt.exe /nologo /verbose /out:"Release\libofa.dll.embed.manifest" /manifest Release\libofa.dll.intermediate.manifest
         All outputs are up-to-date.
       LinkEmbedManifest:
         All outputs are up-to-date.
         libofa.vcxproj -> H:\Projects\SVN\AudioFingerprinting\libofa\win32\Release\libofa.dll
       FinalizeBuildStatus:
         Deleting file "Release\libofa.unsuccessfulbuild".
         Touching "Release\libofa.lastbuildstate".
     1>Done Building Project "H:\Projects\SVN\AudioFingerprinting\libofa\win32\libofa.vcxproj" (build target(s)).

Build succeeded.

Time Elapsed 00:00:05.74
